<?xml version="1.0" encoding="UTF-8"?>
<!-- Generated by org.testng.reporters.JUnitXMLReporter -->
<testsuite ignored="0" hostname="DESKTOP-MD4BTEP" failures="1" tests="1" name="Test" time="26.007" errors="0" timestamp="2024-03-16T22:03:50 IST">
  <testcase classname="amazon_tc.Amz_TC_01" name="Amz_TestCase_1" time="20.11">
    <failure type="java.lang.AssertionError" message="Assertion is completed
	failed to filter by category expected [true] but found [false]">
      <![CDATA[java.lang.AssertionError: Assertion is completed
failed to filter by category expected [true] but found [false]
at amazon_tc.Amz_TC_01.Amz_TestCase_1(Amz_TC_01.java:41)
at java.base/java.util.ArrayList.forEach(ArrayList.java:1511)
... Removed 28 stack frames]]>
    </failure>
  </testcase> <!-- Amz_TestCase_1 -->
</testsuite> <!-- Test -->
